2020-10-20 11:55:34,791	INFO	******************** NUOVA ESECUZIONE ********************
2020-10-20 11:55:34,858	INFO	connected!
2020-10-20 11:55:34,858	INFO	Query 1 - Importing input points
2020-10-20 11:55:35,407	INFO	Query 2 - Snapping points to ways
2020-10-20 11:55:46,435	INFO	Query 3 - Finding shortest path
2020-10-20 11:55:51,475	INFO	Connection closed!
2020-10-20 11:55:51,475	INFO	Ogr2ogr conversion
2020-10-20 11:55:56,138	INFO	Defining GRASS GIS environment
2020-10-20 11:55:56,425	INFO	Launching GRASS GIS session
2020-10-20 11:55:56,427	INFO	Setting computational region
2020-10-20 11:55:57,209	INFO	Importing the query result
2020-10-20 11:55:58,264	INFO	Converting 2D features to 3D
2020-10-20 11:56:00,530	INFO	Exporting results
2020-10-20 11:56:00,834	INFO	Preparing the zip file for download
2020-10-20 11:56:00,835	INFO	Removing temporary file
2020-10-20 11:56:01,100	INFO	******************** ESCO NORMALMENTE********************
2020-10-20 11:57:25,163	INFO	******************** NUOVA ESECUZIONE ********************
2020-10-20 11:57:25,174	INFO	connected!
2020-10-20 11:57:25,175	INFO	Query 1 - Importing input points
2020-10-20 11:57:25,223	INFO	Query 2 - Snapping points to ways
2020-10-20 11:57:36,722	INFO	Query 3 - Finding shortest path
2020-10-20 11:57:41,350	INFO	Connection closed!
2020-10-20 11:57:41,350	INFO	Ogr2ogr conversion
2020-10-20 11:57:42,367	INFO	Defining GRASS GIS environment
2020-10-20 11:57:42,390	INFO	Launching GRASS GIS session
2020-10-20 11:57:42,391	INFO	Setting computational region
2020-10-20 11:57:42,510	INFO	Importing the query result
2020-10-20 11:57:42,569	ERROR	Module run None v.in.ogr --o --q input=/home/ubuntu/ferroviaDrone/tmp/output2.gpkg layer=sql_statement output=line2d type=line ended with error
Process ended with non-zero return code 1. See errors in the (error) output.
2020-11-11 09:30:28,354	INFO	******************** NUOVA ESECUZIONE ********************
2020-11-11 09:30:28,455	INFO	connected!
2020-11-11 09:30:28,455	INFO	Query 1 - Importing input points
2020-11-11 09:30:28,771	INFO	Query 2 - Snapping points to ways
2020-11-11 09:30:41,985	INFO	Query 3 - Finding shortest path
2020-11-11 09:30:47,301	INFO	Connection closed!
2020-11-11 09:30:47,301	INFO	Ogr2ogr conversion
2020-11-11 09:30:49,455	INFO	Defining GRASS GIS environment
2020-11-11 09:30:49,649	INFO	Launching GRASS GIS session
2020-11-11 09:30:49,660	INFO	Setting computational region
2020-11-11 09:30:49,979	INFO	Importing the query result
2020-11-11 09:30:50,623	INFO	Converting 2D features to 3D
2020-11-11 09:31:06,773	INFO	Exporting results
2020-11-11 09:31:07,713	INFO	Preparing the zip file for download
2020-11-11 09:31:07,715	INFO	Removing temporary file
2020-11-11 09:31:07,869	INFO	******************** ESCO NORMALMENTE********************
2020-11-16 10:24:17,661	INFO	******************** NUOVA ESECUZIONE ********************
2020-11-16 10:24:17,705	INFO	connected!
2020-11-16 10:24:17,705	INFO	Query 1 - Importing input points
2020-11-16 10:24:18,228	INFO	Query 2 - Snapping points to ways
2020-11-16 10:24:28,199	INFO	Query 3 - Finding shortest path
2020-11-16 10:24:32,878	INFO	Connection closed!
2020-11-16 10:24:32,878	INFO	Ogr2ogr conversion
2020-11-16 10:24:33,901	INFO	Defining GRASS GIS environment
2020-11-16 10:24:33,967	INFO	Launching GRASS GIS session
2020-11-16 10:24:33,967	INFO	Setting computational region
2020-11-16 10:24:34,040	INFO	Importing the query result
2020-11-16 10:24:34,205	INFO	Converting 2D features to 3D
2020-11-16 10:24:44,441	INFO	Exporting results
2020-11-16 10:24:45,439	INFO	Preparing the zip file for download
2020-11-16 10:24:45,441	INFO	Removing temporary file
2020-11-16 10:24:45,558	INFO	******************** ESCO NORMALMENTE********************
2020-11-16 10:43:25,014	INFO	******************** NUOVA ESECUZIONE ********************
2020-11-16 10:43:25,028	INFO	connected!
2020-11-16 10:43:25,028	INFO	Query 1 - Importing input points
2020-11-16 10:43:25,087	INFO	Query 2 - Snapping points to ways
2020-11-16 10:43:35,782	INFO	Query 3 - Finding shortest path
2020-11-16 10:43:40,753	INFO	Connection closed!
2020-11-16 10:43:40,753	INFO	Ogr2ogr conversion
2020-11-16 10:43:41,716	INFO	Defining GRASS GIS environment
2020-11-16 10:43:41,735	INFO	Launching GRASS GIS session
2020-11-16 10:43:41,735	INFO	Setting computational region
2020-11-16 10:43:41,811	INFO	Importing the query result
2020-11-16 10:43:41,959	INFO	Converting 2D features to 3D
2020-11-16 10:43:51,703	INFO	Exporting results
2020-11-16 10:43:52,635	INFO	Preparing the zip file for download
2020-11-16 10:43:52,637	INFO	Removing temporary file
2020-11-16 10:43:52,742	INFO	******************** ESCO NORMALMENTE********************
