2020-11-16 23:37:33,466	DEBUG	2020-11-16
2020-11-16 23:37:33,466	DEBUG	2020-11-17
2020-11-16 23:37:33,466	INFO	Current date and time : 20201116
2020-11-16 23:37:33,466	INFO	./WRF_NEP_2020111600.grb2 exist
2020-11-16 23:37:33,466	INFO	gdalwarp -t_srs EPSG:4326 -of Gtiff -dstnodata -9999 WRF_NEP_2020111600.grb2 WRF_NEP_2020111600.tiff
2020-11-16 23:38:11,691	DEBUG	0
2020-11-16 23:38:13,267	DEBUG	0
2020-11-16 23:38:14,831	DEBUG	0
2020-11-16 23:38:16,380	DEBUG	0
2020-11-16 23:38:16,380	INFO	Hour 1 converted
2020-11-16 23:38:17,942	DEBUG	0
2020-11-16 23:38:19,525	DEBUG	0
2020-11-16 23:38:21,112	DEBUG	0
2020-11-16 23:38:21,113	INFO	Hour 2 converted
2020-11-16 23:38:22,717	DEBUG	0
2020-11-16 23:38:24,314	DEBUG	0
2020-11-16 23:38:25,920	DEBUG	0
2020-11-16 23:38:25,921	INFO	Hour 3 converted
2020-11-16 23:38:27,501	DEBUG	0
2020-11-16 23:38:29,069	DEBUG	0
2020-11-16 23:38:30,662	DEBUG	0
2020-11-16 23:38:30,663	INFO	Hour 4 converted
2020-11-16 23:38:32,256	DEBUG	0
2020-11-16 23:38:33,845	DEBUG	0
2020-11-16 23:38:35,411	DEBUG	0
2020-11-16 23:38:35,411	INFO	Hour 5 converted
2020-11-16 23:38:37,024	DEBUG	0
2020-11-16 23:38:38,624	DEBUG	0
2020-11-16 23:38:40,205	DEBUG	0
2020-11-16 23:38:40,206	INFO	Hour 6 converted
2020-11-16 23:38:41,806	DEBUG	0
2020-11-16 23:38:43,397	DEBUG	0
2020-11-16 23:38:44,992	DEBUG	0
2020-11-16 23:38:44,993	INFO	Hour 7 converted
2020-11-16 23:38:46,563	DEBUG	0
2020-11-16 23:38:48,159	DEBUG	0
2020-11-16 23:38:49,748	DEBUG	0
2020-11-16 23:38:49,749	INFO	Hour 8 converted
2020-11-16 23:38:51,367	DEBUG	0
2020-11-16 23:38:52,944	DEBUG	0
2020-11-16 23:38:54,520	DEBUG	0
2020-11-16 23:38:54,520	INFO	Hour 9 converted
2020-11-16 23:38:56,113	DEBUG	0
2020-11-16 23:38:57,952	DEBUG	0
2020-11-16 23:38:59,511	DEBUG	0
2020-11-16 23:38:59,511	INFO	Hour 10 converted
2020-11-16 23:39:01,108	DEBUG	0
2020-11-16 23:39:02,707	DEBUG	0
2020-11-16 23:39:04,271	DEBUG	0
2020-11-16 23:39:04,272	INFO	Hour 11 converted
2020-11-16 23:39:05,867	DEBUG	0
2020-11-16 23:39:07,453	DEBUG	0
2020-11-16 23:39:09,046	DEBUG	0
2020-11-16 23:39:09,046	INFO	Hour 12 converted
2020-11-16 23:39:10,670	DEBUG	0
2020-11-16 23:39:12,297	DEBUG	0
2020-11-16 23:39:13,868	DEBUG	0
2020-11-16 23:39:13,868	INFO	Hour 13 converted
2020-11-16 23:39:15,456	DEBUG	0
2020-11-16 23:39:17,057	DEBUG	0
2020-11-16 23:39:18,629	DEBUG	0
2020-11-16 23:39:18,629	INFO	Hour 14 converted
2020-11-16 23:39:20,208	DEBUG	0
2020-11-16 23:39:21,779	DEBUG	0
2020-11-16 23:39:23,371	DEBUG	0
2020-11-16 23:39:23,372	INFO	Hour 15 converted
2020-11-16 23:39:24,940	DEBUG	0
2020-11-16 23:39:26,549	DEBUG	0
2020-11-16 23:39:28,131	DEBUG	0
2020-11-16 23:39:28,132	INFO	Hour 16 converted
2020-11-16 23:39:29,725	DEBUG	0
2020-11-16 23:39:31,463	DEBUG	0
2020-11-16 23:39:33,042	DEBUG	0
2020-11-16 23:39:33,043	INFO	Hour 17 converted
2020-11-16 23:39:34,604	DEBUG	0
2020-11-16 23:39:36,188	DEBUG	0
2020-11-16 23:39:37,778	DEBUG	0
2020-11-16 23:39:37,779	INFO	Hour 18 converted
2020-11-16 23:39:39,366	DEBUG	0
2020-11-16 23:39:40,964	DEBUG	0
2020-11-16 23:39:42,533	DEBUG	0
2020-11-16 23:39:42,534	INFO	Hour 19 converted
2020-11-16 23:39:44,137	DEBUG	0
2020-11-16 23:39:46,094	DEBUG	0
2020-11-16 23:39:47,696	DEBUG	0
2020-11-16 23:39:47,697	INFO	Hour 20 converted
2020-11-16 23:39:49,279	DEBUG	0
2020-11-16 23:39:50,884	DEBUG	0
2020-11-16 23:39:52,464	DEBUG	0
2020-11-16 23:39:52,465	INFO	Hour 21 converted
2020-11-16 23:39:54,428	DEBUG	0
2020-11-16 23:39:56,013	DEBUG	0
2020-11-16 23:39:57,613	DEBUG	0
2020-11-16 23:39:57,613	INFO	Hour 22 converted
2020-11-16 23:39:59,231	DEBUG	0
2020-11-16 23:40:00,827	DEBUG	0
2020-11-16 23:40:02,428	DEBUG	0
2020-11-16 23:40:02,429	INFO	Hour 23 converted
2020-11-16 23:40:04,010	DEBUG	0
2020-11-16 23:40:05,589	DEBUG	0
2020-11-16 23:40:07,183	DEBUG	0
2020-11-16 23:40:07,183	INFO	Hour 24 converted
2020-11-16 23:40:08,780	DEBUG	0
2020-11-16 23:40:10,420	DEBUG	0
2020-11-16 23:40:12,005	DEBUG	0
2020-11-16 23:40:12,005	INFO	Hour 25 converted
2020-11-16 23:40:13,586	DEBUG	0
2020-11-16 23:40:15,177	DEBUG	0
2020-11-16 23:40:16,752	DEBUG	0
2020-11-16 23:40:16,752	INFO	Hour 26 converted
2020-11-16 23:40:18,331	DEBUG	0
2020-11-16 23:40:19,931	DEBUG	0
2020-11-16 23:40:21,517	DEBUG	0
2020-11-16 23:40:21,517	INFO	Hour 27 converted
2020-11-16 23:40:23,086	DEBUG	0
2020-11-16 23:40:24,669	DEBUG	0
2020-11-16 23:40:26,257	DEBUG	0
2020-11-16 23:40:26,257	INFO	Hour 28 converted
2020-11-16 23:40:27,890	DEBUG	0
2020-11-16 23:40:29,462	DEBUG	0
2020-11-16 23:40:31,057	DEBUG	0
2020-11-16 23:40:31,057	INFO	Hour 29 converted
2020-11-16 23:40:32,966	DEBUG	0
2020-11-16 23:40:34,551	DEBUG	0
2020-11-16 23:40:36,443	DEBUG	0
2020-11-16 23:40:36,444	INFO	Hour 30 converted
2020-11-16 23:40:38,078	DEBUG	0
2020-11-16 23:40:39,665	DEBUG	0
2020-11-16 23:40:41,238	DEBUG	0
2020-11-16 23:40:41,239	INFO	Hour 31 converted
2020-11-16 23:40:42,825	DEBUG	0
2020-11-16 23:40:44,393	DEBUG	0
2020-11-16 23:40:45,988	DEBUG	0
2020-11-16 23:40:45,988	INFO	Hour 32 converted
2020-11-16 23:40:47,580	DEBUG	0
2020-11-16 23:40:49,155	DEBUG	0
2020-11-16 23:40:50,753	DEBUG	0
2020-11-16 23:40:50,753	INFO	Hour 33 converted
2020-11-16 23:40:52,346	DEBUG	0
2020-11-16 23:40:53,945	DEBUG	0
2020-11-16 23:40:55,549	DEBUG	0
2020-11-16 23:40:55,550	INFO	Hour 34 converted
2020-11-16 23:40:57,137	DEBUG	0
2020-11-16 23:40:58,723	DEBUG	0
2020-11-16 23:41:00,312	DEBUG	0
2020-11-16 23:41:00,312	INFO	Hour 35 converted
2020-11-16 23:41:01,880	DEBUG	0
2020-11-16 23:41:03,464	DEBUG	0
2020-11-16 23:41:05,045	DEBUG	0
2020-11-16 23:41:05,045	INFO	Hour 36 converted
2020-11-16 23:41:06,654	DEBUG	0
2020-11-16 23:41:08,214	DEBUG	0
2020-11-16 23:41:09,797	DEBUG	0
2020-11-16 23:41:09,797	INFO	Hour 37 converted
2020-11-16 23:41:11,422	DEBUG	0
2020-11-16 23:41:13,005	DEBUG	0
2020-11-16 23:41:14,592	DEBUG	0
2020-11-16 23:41:14,593	INFO	Hour 38 converted
2020-11-16 23:41:16,175	DEBUG	0
2020-11-16 23:41:17,744	DEBUG	0
2020-11-16 23:41:19,334	DEBUG	0
2020-11-16 23:41:19,334	INFO	Hour 39 converted
2020-11-16 23:41:20,945	DEBUG	0
2020-11-16 23:41:22,580	DEBUG	0
2020-11-16 23:41:24,154	DEBUG	0
2020-11-16 23:41:24,154	INFO	Hour 40 converted
2020-11-16 23:41:25,743	DEBUG	0
2020-11-16 23:41:27,334	DEBUG	0
2020-11-16 23:41:28,919	DEBUG	0
2020-11-16 23:41:28,919	INFO	Hour 41 converted
2020-11-16 23:41:30,513	DEBUG	0
2020-11-16 23:41:32,129	DEBUG	0
2020-11-16 23:41:33,722	DEBUG	0
2020-11-16 23:41:33,722	INFO	Hour 42 converted
2020-11-16 23:41:35,308	DEBUG	0
2020-11-16 23:41:36,909	DEBUG	0
2020-11-16 23:41:38,517	DEBUG	0
2020-11-16 23:41:38,518	INFO	Hour 43 converted
2020-11-16 23:41:40,115	DEBUG	0
2020-11-16 23:41:41,694	DEBUG	0
2020-11-16 23:41:43,258	DEBUG	0
2020-11-16 23:41:43,258	INFO	Hour 44 converted
2020-11-16 23:41:44,856	DEBUG	0
2020-11-16 23:41:46,431	DEBUG	0
2020-11-16 23:41:48,045	DEBUG	0
2020-11-16 23:41:48,045	INFO	Hour 45 converted
2020-11-16 23:41:49,633	DEBUG	0
2020-11-16 23:41:51,217	DEBUG	0
2020-11-16 23:41:52,787	DEBUG	0
2020-11-16 23:41:52,788	INFO	Hour 46 converted
2020-11-16 23:41:54,364	DEBUG	0
2020-11-16 23:41:55,927	DEBUG	0
2020-11-16 23:41:57,502	DEBUG	0
2020-11-16 23:41:57,503	INFO	Hour 47 converted
2020-11-16 23:41:59,094	DEBUG	0
2020-11-16 23:42:00,642	DEBUG	0
2020-11-16 23:42:02,233	DEBUG	0
2020-11-16 23:42:02,233	INFO	Hour 48 converted
2020-11-16 23:42:02,283	DEBUG	0
2020-11-16 23:42:02,283	INFO	******************** ESCO NORMALMENTE********************
